<?xml version="1.0" encoding="UTF-8"?>
<!-- Generated by org.testng.reporters.JUnitReportReporter -->
<testsuite hostname="DESKTOP-AKPM4K1" failures="0" tests="1" name="testlgtt.testing_testing" time="6.254" errors="0" timestamp="15 May 2023 09:48:18 GMT" skipped="0">
  <testcase classname="testlgtt.testing_testing" name="tc01" time="6.254"/>
</testsuite> <!-- testlgtt.testing_testing -->
